New best: ac089537dfeda06441e3aff49cfa7235b897b2b479e4bb857412f4ff0d88fe46
nNonce: 0
nTime: 1777260000
New best: a9e4f11fd57c5e7c1a22d19ee10c47215f3be92d9d45975175aa729eb34b87e4
nNonce: 2
nTime: 1777260000
New best: 6a4c914d36767e48cbc2c0c542233608eeaa7472852e48ca96c0941870c55325
nNonce: 4
nTime: 1777260000
New best: 5dcb0799a1ab59a57ed1e884cc542f6fcaf8ca807ff9fe6ce3ed1cfbf8cf1535
nNonce: 6
nTime: 1777260000
New best: 1086a8d9ef155eafc2a2d6d9ddb53664a458f9a08b8b214d4013d7246493b036
nNonce: 9
nTime: 1777260000
New best: 014ff0a28196ae3b4b9bc29c8e84042424f9776da8d79db22ade76ace43d156d
nNonce: 27
nTime: 1777260000
New best: 01353d73abfc7add7788fe4e0e0d7bb8ed60a74e8514553adc3a84607cbcd83b
nNonce: 205
nTime: 1777260000
New best: 0126ec4e57726480019a4791a7daf93942044d4d9345c152700422fbf71419c7
nNonce: 460
nTime: 1777260000
New best: 008b185d0ed43f21b0abf040b9bc9c8135c3f2c50d6969a09126e6d7a66d84a0
nNonce: 1002
nTime: 1777260000
New best: 007c115879434ed982ed717e233eee1f592ef8282c15da406e740f1d8e2fa134
nNonce: 1144
nTime: 1777260000
New best: 0045bd5d1d025f793dbfbd074106cb9b27a03ce273c584b4d7f7df1198d7aa98
nNonce: 2197
nTime: 1777260000
New best: 0036c0dc43f715fafd4d276473b4277267603bc18a964737b4ee40a21d12a50d
nNonce: 2763
nTime: 1777260000
New best: 001b34e3dc3c6a9bf8ea667d08c167947f1b527bae3bc4e37632c7ffe34247ea
nNonce: 3051
nTime: 1777260000
New best: 0007349d1195d962fe7813deef2d40c6c07276e6e7dfc78498a8a24093cca693
nNonce: 3169
nTime: 1777260000
New best: 00014b43ea81d90331a6e95172d2e7be3513afbb6f4b6745ebdb2d25a2a9342a
nNonce: 12040
nTime: 1777260000
New best: 000141689d69b27b0a17e656540fba6f7bf7692e6c78cd90d752c26334b46e50
nNonce: 137708
nTime: 1777260000
New best: 000022dbd4824551e750607646b8e712cbc47a7caf0e03a84ecc11673c7bee43
nNonce: 226899
nTime: 1777260000
New best: 00000e5b70be43ff0f32cffcab5b76c82381e9c63ee3a321ecc69331a4f124b0
nNonce: 782509
nTime: 1777260000
New best: 00000cc9b45f3f6608115bf587f84068c56c920715d68252b9a02817636c48f0
nNonce: 4731583
nTime: 1777260000
New best: 00000c8a801c9f6ae1e62c9949dc05cfe2ab8c29bc3f459a14595ee9179bcbd9
nNonce: 8253736
nTime: 1777260000
New best: 000003f8bdb5860fa92f96fa76b364eb16b84c7032250409fa1c0047f2634c4a
nNonce: 8982353
nTime: 1777260000
New best: 000000bde05c86c7fdee65380f94da8772e3c4247d1c5ce91e77c3c289e22770
nNonce: 11549383
nTime: 1777260000
New best: 00000095261955c66af1fb5ed59dbb6e05e447382b0341bb6fb56ab98969a5bf
nNonce: 15537519
nTime: 1777260000
New best: 0000005cc8e6a807e10f4f84e03b2c77010be419a3aa92705c50c3fcd7832796
nNonce: 54484026
nTime: 1777260000
New best: 0000002993965c1e65c36e9930c599ae8e0f0e25234667c502e91125e5cc7cb7
nNonce: 185939672
nTime: 1777260000
New best: 000000169d9219c37722bef83ffcc6d07544efb9bb0675a2689e6be13d6c2232
nNonce: 237189659
nTime: 1777260000
FOUND SIGNET GENESIS BLOCK!
Hash: 0000000002945238d1ab4bcc22adbf6cdd9f3f72c907d298d55d70a885657854
nNonce: 753062192
nTime: 1777260000
MerkleRoot: 8e1df52fddd25c460304ff8ea7bcb570850bf0b0c027eecf8ebf8ab17d3e93b1
